Running: D:\Xilinx\ISE_DS\ISE\bin\nt64\unwrapped\fuse.exe -intstyle ise -incremental -lib secureip -o D:/ISE/CU/HCU_tb_isim_beh.exe -prj D:/ISE/CU/HCU_tb_beh.prj work.HCU_tb 
ISim O.87xd (signature 0xc3576ebc)
Number of CPUs detected in this system: 4
Turning on mult-threading, number of parallel sub-compilation jobs: 8 
Determining compilation order of HDL files
Parsing VHDL file "D:/ISE/CU/decode.vhd" into library work
Parsing VHDL file "D:/ISE/CU/CU_central.vhd" into library work
Parsing VHDL file "D:/ISE/CU/HCU.vhd" into library work
Parsing VHDL file "D:/ISE/CU/HCU_tb.vhd" into library work
Starting static elaboration
Completed static elaboration
Compiling package standard
Compiling package std_logic_1164
Compiling architecture behavioral of entity decode [decode_default]
Compiling architecture behave of entity CU_central [cu_central_default]
Compiling architecture mygod of entity HCU [hcu_default]
Compiling architecture behavior of entity hcu_tb
Time Resolution for simulation is 1ps.
Waiting for 1 sub-compilation(s) to finish...
Compiled 9 VHDL Units
Built simulation executable D:/ISE/CU/HCU_tb_isim_beh.exe
Fuse Memory Usage: 29504 KB
Fuse CPU Usage: 468 ms
