Release 13.4 - xst O.87xd (nt64)
Copyright (c) 1995-2011 Xilinx, Inc.  All rights reserved.
--> Parameter TMPDIR set to xst/projnav.tmp


Total REAL time to Xst completion: 0.00 secs
Total CPU time to Xst completion: 0.27 secs
 
--> Parameter xsthdpdir set to xst


Total REAL time to Xst completion: 0.00 secs
Total CPU time to Xst completion: 0.27 secs
 
--> Reading design: HCU.prj

TABLE OF CONTENTS
  1) Synthesis Options Summary
  2) HDL Parsing
  3) HDL Elaboration
  4) HDL Synthesis
       4.1) HDL Synthesis Report
  5) Advanced HDL Synthesis
       5.1) Advanced HDL Synthesis Report
  6) Low Level Synthesis
  7) Partition Report
  8) Design Summary
       8.1) Primitive and Black Box Usage
       8.2) Device utilization summary
       8.3) Partition Resource Summary
       8.4) Timing Report
            8.4.1) Clock Information
            8.4.2) Asynchronous Control Signals Information
            8.4.3) Timing Summary
            8.4.4) Timing Details
            8.4.5) Cross Clock Domains Report


=========================================================================
*                      Synthesis Options Summary                        *
=========================================================================
---- Source Parameters
Input File Name                    : "HCU.prj"
Ignore Synthesis Constraint File   : NO

---- Target Parameters
Output File Name                   : "HCU"
Output Format                      : NGC
Target Device                      : xc6slx16-3-csg324

---- Source Options
Top Module Name                    : HCU
Automatic FSM Extraction           : YES
FSM Encoding Algorithm             : Auto
Safe Implementation                : No
FSM Style                          : LUT
RAM Extraction                     : Yes
RAM Style                          : Auto
ROM Extraction                     : Yes
Shift Register Extraction          : YES
ROM Style                          : Auto
Resource Sharing                   : YES
Asynchronous To Synchronous        : NO
Shift Register Minimum Size        : 2
Use DSP Block                      : Auto
Automatic Register Balancing       : No

---- Target Options
LUT Combining                      : Auto
Reduce Control Sets                : Auto
Add IO Buffers                     : YES
Global Maximum Fanout              : 100000
Add Generic Clock Buffer(BUFG)     : 16
Register Duplication               : YES
Optimize Instantiated Primitives   : NO
Use Clock Enable                   : Auto
Use Synchronous Set                : Auto
Use Synchronous Reset              : Auto
Pack IO Registers into IOBs        : Auto
Equivalent register Removal        : YES

---- General Options
Optimization Goal                  : Speed
Optimization Effort                : 1
Power Reduction                    : NO
Keep Hierarchy                     : No
Netlist Hierarchy                  : As_Optimized
RTL Output                         : Yes
Global Optimization                : AllClockNets
Read Cores                         : YES
Write Timing Constraints           : NO
Cross Clock Analysis               : NO
Hierarchy Separator                : /
Bus Delimiter                      : <>
Case Specifier                     : Maintain
Slice Utilization Ratio            : 100
BRAM Utilization Ratio             : 100
DSP48 Utilization Ratio            : 100
Auto BRAM Packing                  : NO
Slice Utilization Ratio Delta      : 5

=========================================================================

INFO:Xst - Part-select index evaluated to out of bound value may lead to incorrect synthesis results; it is recommended not to use them in RTL

=========================================================================
*                          HDL Parsing                                  *
=========================================================================
Parsing VHDL file "D:\My_project\CU\CU_central.vhd" into library work
Parsing entity <CU_central>.
Parsing architecture <behave> of entity <cu_central>.
Parsing VHDL file "D:\My_project\CU\HCU.vhd" into library work
Parsing entity <HCU>.
Parsing architecture <mygod> of entity <hcu>.

=========================================================================
*                            HDL Elaboration                            *
=========================================================================

Elaborating entity <HCU> (architecture <mygod>) from library <work>.
WARNING:HDLCompiler:89 - "D:\My_project\CU\HCU.vhd" Line 39: <decode> remains a black-box since it has no binding entity.

Elaborating entity <CU_central> (architecture <behave>) from library <work>.

=========================================================================
*                           HDL Synthesis                               *
=========================================================================

Synthesizing Unit <HCU>.
    Related source file is "d:/my_project/cu/hcu.vhd".
    Summary:
	no macro.
Unit <HCU> synthesized.

Synthesizing Unit <CU_central>.
    Related source file is "d:/my_project/cu/cu_central.vhd".
    Summary:
	no macro.
Unit <CU_central> synthesized.

=========================================================================
HDL Synthesis Report

Found no macro
=========================================================================

=========================================================================
*                       Advanced HDL Synthesis                          *
=========================================================================


=========================================================================
Advanced HDL Synthesis Report

Found no macro
=========================================================================

=========================================================================
*                         Low Level Synthesis                           *
=========================================================================

Optimizing unit <HCU> ...

Optimizing unit <CU_central> ...

Mapping all equations...
Building and optimizing final netlist ...
Found area constraint ratio of 100 (+ 5) on block HCU, actual ratio is 0.

Final Macro Processing ...

=========================================================================
Final Register Report

Found no macro
=========================================================================

=========================================================================
*                           Partition Report                            *
=========================================================================

Partition Implementation Status
-------------------------------

  No Partitions were found in this design.

-------------------------------

=========================================================================
*                            Design Summary                             *
=========================================================================

Top Level Output File Name         : HCU.ngc

Primitive and Black Box Usage:
------------------------------
# BELS                             : 34
#      LUT2                        : 7
#      LUT3                        : 7
#      LUT4                        : 3
#      LUT5                        : 4
#      LUT6                        : 13
# IO Buffers                       : 34
#      IBUF                        : 14
#      OBUF                        : 20
# Others                           : 1
#      decode                      : 1

Device utilization summary:
---------------------------

Selected Device : 6slx16csg324-3 


Slice Logic Utilization: 
 Number of Slice LUTs:                   34  out of   9112     0%  
    Number used as Logic:                34  out of   9112     0%  

Slice Logic Distribution: 
 Number of LUT Flip Flop pairs used:     34
   Number with an unused Flip Flop:      34  out of     34   100%  
   Number with an unused LUT:             0  out of     34     0%  
   Number of fully used LUT-FF pairs:     0  out of     34     0%  
   Number of unique control sets:         0

IO Utilization: 
 Number of IOs:                          34
 Number of bonded IOBs:                  34  out of    232    14%  

Specific Feature Utilization:

---------------------------
Partition Resource Summary:
---------------------------

  No Partitions were found in this design.

---------------------------


=========================================================================
Timing Report

NOTE: THESE TIMING NUMBERS ARE ONLY A SYNTHESIS ESTIMATE.
      FOR ACCURATE TIMING INFORMATION PLEASE REFER TO THE TRACE REPORT
      GENERATED AFTER PLACE-and-ROUTE.

Clock Information:
------------------
No clock signals found in this design

Asynchronous Control Signals Information:
----------------------------------------
No asynchronous control signals found in this design

Timing Summary:
---------------
Speed Grade: -3

   Minimum period: No path found
   Minimum input arrival time before clock: No path found
   Maximum output required time after clock: No path found
   Maximum combinational path delay: 8.938ns

Timing Details:
---------------
All values displayed in nanoseconds (ns)

=========================================================================
Timing constraint: Default path analysis
  Total number of paths / destination ports: 407 / 25
-------------------------------------------------------------------------
Delay:               8.938ns (Levels of Logic = 7)
  Source:            G1:Y<0> (PAD)
  Destination:       Q<2> (PAD)

  Data Path: G1:Y<0> to Q<2>
                                Gate     Net
    Cell:in->out      fanout   Delay   Delay  Logical Name (Net Name)
    ----------------------------------------  ------------
    decode:Y<0>            4   0.000   1.028  G1 (e<0>)
     LUT5:I0->O            9   0.203   0.830  G2/s<6><6>11 (G2/s<6><6>1)
     LUT6:I5->O            3   0.205   0.651  G2/s<7><7>1 (G2/s<7>)
     LUT5:I4->O            2   0.205   0.617  G2/s[5]_s[7]_OR_30_o<5>1 (G2/s[5]_s[7]_OR_30_o)
     LUT6:I5->O            5   0.205   0.819  G2/s[5]_s[9]_OR_32_o<8> (G2/s[5]_s[9]_OR_32_o)
     LUT6:I4->O            2   0.203   0.617  G2/q<1>1 (G2/q<1>1)
     LUT2:I1->O            1   0.205   0.579  G2/q<2>1 (Q_2_OBUF)
     OBUF:I->O                 2.571          Q_2_OBUF (Q<2>)
    ----------------------------------------
    Total                      8.938ns (3.797ns logic, 5.141ns route)
                                       (42.5% logic, 57.5% route)

=========================================================================

Cross Clock Domains Report:
--------------------------

=========================================================================


Total REAL time to Xst completion: 20.00 secs
Total CPU time to Xst completion: 20.09 secs
 
--> 

Total memory usage is 258272 kilobytes

Number of errors   :    0 (   0 filtered)
Number of warnings :    1 (   0 filtered)
Number of infos    :    1 (   0 filtered)

